# JRE version: OpenJDK Runtime Environment Temurin-17.0.11+9 (17.0.11+9) (build 17.0.11+9)
# Java VM: OpenJDK 64-Bit Server VM Temurin-17.0.11+9 (17.0.11+9, mixed mode, emulated-client, tiered, compressed oops, compressed class ptrs, g1 gc, windows-amd64)
GC Precious Log:
 CPUs: 4 total, 4 available
 Memory: 7934M
 Large Page Support: Disabled
 NUMA Support: Disabled
 Compressed Oops: Enabled (32-bit)
 Heap Region Size: 1M
 Heap Min Capacity: 8M
 Heap Initial Capacity: 124M
 Heap Max Capacity: 1G
 Pre-touch: Disabled
 Parallel Workers: 4
 Concurrent Workers: 1
 Concurrent Refinement Workers: 4
 Periodic GC: Disabled
Heap:
 garbage-first heap   total 143360K, used 42302K [0x00000000c0000000, 0x0000000100000000)
  region size 1024K, 1 young (1024K), 0 survivors (0K)
 Metaspace       used 64802K, committed 65536K, reserved 1114112K
  class space    used 8409K, committed 8704K, reserved 1048576K
GC Heap History (20 events):
Event: 7009.541 GC heap before
{Heap before GC invocations=716 (full 685):
 garbage-first heap   total 143360K, used 42302K [0x00000000c0000000, 0x0000000100000000)
  region size 1024K, 1 young (1024K), 0 survivors (0K)
 Metaspace       used 64802K, committed 65536K, reserved 1114112K
  class space    used 8409K, committed 8704K, reserved 1048576K
}
Event: 7009.572 GC heap after
{Heap after GC invocations=717 (full 686):
 garbage-first heap   total 143360K, used 42302K [0x00000000c0000000, 0x0000000100000000)
  region size 1024K, 0 young (0K), 0 survivors (0K)
 Metaspace       used 64802K, committed 65536K, reserved 1114112K
  class space    used 8409K, committed 8704K, reserved 1048576K
}
Event: 7019.673 GC heap before
{Heap before GC invocations=717 (full 686):
 garbage-first heap   total 143360K, used 42302K [0x00000000c0000000, 0x0000000100000000)
  region size 1024K, 1 young (1024K), 0 survivors (0K)
 Metaspace       used 64802K, committed 65536K, reserved 1114112K
  class space    used 8409K, committed 8704K, reserved 1048576K
}
Event: 7019.704 GC heap after
{Heap after GC invocations=718 (full 687):
 garbage-first heap   total 143360K, used 42302K [0x00000000c0000000, 0x0000000100000000)
  region size 1024K, 0 young (0K), 0 survivors (0K)
 Metaspace       used 64802K, committed 65536K, reserved 1114112K
  class space    used 8409K, committed 8704K, reserved 1048576K
}
Event: 7029.813 GC heap before
{Heap before GC invocations=718 (full 687):
 garbage-first heap   total 143360K, used 42302K [0x00000000c0000000, 0x0000000100000000)
  region size 1024K, 1 young (1024K), 0 survivors (0K)
 Metaspace       used 64802K, committed 65536K, reserved 1114112K
  class space    used 8409K, committed 8704K, reserved 1048576K
}
Event: 7029.844 GC heap after
{Heap after GC invocations=719 (full 688):
 garbage-first heap   total 143360K, used 42302K [0x00000000c0000000, 0x0000000100000000)
  region size 1024K, 0 young (0K), 0 survivors (0K)
 Metaspace       used 64802K, committed 65536K, reserved 1114112K
  class space    used 8409K, committed 8704K, reserved 1048576K
}
Event: 7039.958 GC heap before
{Heap before GC invocations=719 (full 688):
 garbage-first heap   total 143360K, used 42302K [0x00000000c0000000, 0x0000000100000000)
  region size 1024K, 1 young (1024K), 0 survivors (0K)
 Metaspace       used 64802K, committed 65536K, reserved 1114112K
  class space    used 8409K, committed 8704K, reserved 1048576K
}
Event: 7039.989 GC heap after
{Heap after GC invocations=720 (full 689):
 garbage-first heap   total 143360K, used 42302K [0x00000000c0000000, 0x0000000100000000)
  region size 1024K, 0 young (0K), 0 survivors (0K)
 Metaspace       used 64802K, committed 65536K, reserved 1114112K
  class space    used 8409K, committed 8704K, reserved 1048576K
}
Event: 7050.142 GC heap before
{Heap before GC invocations=720 (full 689):
 garbage-first heap   total 143360K, used 42302K [0x00000000c0000000, 0x0000000100000000)
  region size 1024K, 1 young (1024K), 0 survivors (0K)
 Metaspace       used 64802K, committed 65536K, reserved 1114112K
  class space    used 8409K, committed 8704K, reserved 1048576K
}
Event: 7050.172 GC heap after
{Heap after GC invocations=721 (full 690):
 garbage-first heap   total 143360K, used 42302K [0x00000000c0000000, 0x0000000100000000)
  region size 1024K, 0 young (0K), 0 survivors (0K)
 Metaspace       used 64802K, committed 65536K, reserved 1114112K
  class space    used 8409K, committed 8704K, reserved 1048576K
}
Event: 7060.275 GC heap before
{Heap before GC invocations=721 (full 690):
 garbage-first heap   total 143360K, used 42302K [0x00000000c0000000, 0x0000000100000000)
  region size 1024K, 1 young (1024K), 0 survivors (0K)
 Metaspace       used 64802K, committed 65536K, reserved 1114112K
  class space    used 8409K, committed 8704K, reserved 1048576K
}
Event: 7060.307 GC heap after
{Heap after GC invocations=722 (full 691):
 garbage-first heap   total 143360K, used 42302K [0x00000000c0000000, 0x0000000100000000)
  region size 1024K, 0 young (0K), 0 survivors (0K)
 Metaspace       used 64802K, committed 65536K, reserved 1114112K
  class space    used 8409K, committed 8704K, reserved 1048576K
}
Event: 7070.411 GC heap before
{Heap before GC invocations=722 (full 691):
 garbage-first heap   total 143360K, used 42302K [0x00000000c0000000, 0x0000000100000000)
  region size 1024K, 1 young (1024K), 0 survivors (0K)
 Metaspace       used 64802K, committed 65536K, reserved 1114112K
  class space    used 8409K, committed 8704K, reserved 1048576K
}
Event: 7070.442 GC heap after
{Heap after GC invocations=723 (full 692):
 garbage-first heap   total 143360K, used 42302K [0x00000000c0000000, 0x0000000100000000)
  region size 1024K, 0 young (0K), 0 survivors (0K)
 Metaspace       used 64802K, committed 65536K, reserved 1114112K
  class space    used 8409K, committed 8704K, reserved 1048576K
}
Event: 7080.543 GC heap before
{Heap before GC invocations=723 (full 692):
 garbage-first heap   total 143360K, used 42302K [0x00000000c0000000, 0x0000000100000000)
  region size 1024K, 1 young (1024K), 0 survivors (0K)
 Metaspace       used 64802K, committed 65536K, reserved 1114112K
  class space    used 8409K, committed 8704K, reserved 1048576K
}
Event: 7080.578 GC heap after
{Heap after GC invocations=724 (full 693):
 garbage-first heap   total 143360K, used 42302K [0x00000000c0000000, 0x0000000100000000)
  region size 1024K, 0 young (0K), 0 survivors (0K)
 Metaspace       used 64802K, committed 65536K, reserved 1114112K
  class space    used 8409K, committed 8704K, reserved 1048576K
}
Event: 7090.683 GC heap before
{Heap before GC invocations=724 (full 693):
 garbage-first heap   total 143360K, used 42302K [0x00000000c0000000, 0x0000000100000000)
  region size 1024K, 1 young (1024K), 0 survivors (0K)
 Metaspace       used 64802K, committed 65536K, reserved 1114112K
  class space    used 8409K, committed 8704K, reserved 1048576K
}
Event: 7090.716 GC heap after
{Heap after GC invocations=725 (full 694):
 garbage-first heap   total 143360K, used 42302K [0x00000000c0000000, 0x0000000100000000)
  region size 1024K, 0 young (0K), 0 survivors (0K)
 Metaspace       used 64802K, committed 65536K, reserved 1114112K
  class space    used 8409K, committed 8704K, reserved 1048576K
}
Event: 7100.820 GC heap before
{Heap before GC invocations=725 (full 694):
 garbage-first heap   total 143360K, used 42302K [0x00000000c0000000, 0x0000000100000000)
  region size 1024K, 1 young (1024K), 0 survivors (0K)
 Metaspace       used 64802K, committed 65536K, reserved 1114112K
  class space    used 8409K, committed 8704K, reserved 1048576K
}
Event: 7100.855 GC heap after
{Heap after GC invocations=726 (full 695):
 garbage-first heap   total 143360K, used 42302K [0x00000000c0000000, 0x0000000100000000)
  region size 1024K, 0 young (0K), 0 survivors (0K)
 Metaspace       used 64802K, committed 65536K, reserved 1114112K
  class space    used 8409K, committed 8704K, reserved 1048576K
}

