# JRE version: OpenJDK Runtime Environment Temurin-17.0.11+9 (17.0.11+9) (build 17.0.11+9)
# Java VM: OpenJDK 64-Bit Server VM Temurin-17.0.11+9 (17.0.11+9, mixed mode, emulated-client, tiered, compressed oops, compressed class ptrs, g1 gc, windows-amd64)
GC Precious Log:
 CPUs: 4 total, 4 available
 Memory: 7934M
 Large Page Support: Disabled
 NUMA Support: Disabled
 Compressed Oops: Enabled (32-bit)
 Heap Region Size: 1M
 Heap Min Capacity: 8M
 Heap Initial Capacity: 124M
 Heap Max Capacity: 1G
 Pre-touch: Disabled
 Parallel Workers: 4
 Concurrent Workers: 1
 Concurrent Refinement Workers: 4
 Periodic GC: Disabled
Heap:
 garbage-first heap   total 129024K, used 39070K [0x00000000c0000000, 0x0000000100000000)
  region size 1024K, 1 young (1024K), 0 survivors (0K)
 Metaspace       used 63533K, committed 64000K, reserved 1114112K
  class space    used 8363K, committed 8576K, reserved 1048576K
GC Heap History (20 events):
Event: 7300.511 GC heap before
{Heap before GC invocations=578 (full 554):
 garbage-first heap   total 129024K, used 39070K [0x00000000c0000000, 0x0000000100000000)
  region size 1024K, 1 young (1024K), 0 survivors (0K)
 Metaspace       used 63533K, committed 64000K, reserved 1114112K
  class space    used 8363K, committed 8576K, reserved 1048576K
}
Event: 7300.542 GC heap after
{Heap after GC invocations=579 (full 555):
 garbage-first heap   total 129024K, used 39070K [0x00000000c0000000, 0x0000000100000000)
  region size 1024K, 0 young (0K), 0 survivors (0K)
 Metaspace       used 63533K, committed 64000K, reserved 1114112K
  class space    used 8363K, committed 8576K, reserved 1048576K
}
Event: 7310.649 GC heap before
{Heap before GC invocations=579 (full 555):
 garbage-first heap   total 129024K, used 39070K [0x00000000c0000000, 0x0000000100000000)
  region size 1024K, 1 young (1024K), 0 survivors (0K)
 Metaspace       used 63533K, committed 64000K, reserved 1114112K
  class space    used 8363K, committed 8576K, reserved 1048576K
}
Event: 7310.676 GC heap after
{Heap after GC invocations=580 (full 556):
 garbage-first heap   total 129024K, used 39070K [0x00000000c0000000, 0x0000000100000000)
  region size 1024K, 0 young (0K), 0 survivors (0K)
 Metaspace       used 63533K, committed 64000K, reserved 1114112K
  class space    used 8363K, committed 8576K, reserved 1048576K
}
Event: 7320.787 GC heap before
{Heap before GC invocations=580 (full 556):
 garbage-first heap   total 129024K, used 39070K [0x00000000c0000000, 0x0000000100000000)
  region size 1024K, 1 young (1024K), 0 survivors (0K)
 Metaspace       used 63533K, committed 64000K, reserved 1114112K
  class space    used 8363K, committed 8576K, reserved 1048576K
}
Event: 7320.816 GC heap after
{Heap after GC invocations=581 (full 557):
 garbage-first heap   total 129024K, used 39070K [0x00000000c0000000, 0x0000000100000000)
  region size 1024K, 0 young (0K), 0 survivors (0K)
 Metaspace       used 63533K, committed 64000K, reserved 1114112K
  class space    used 8363K, committed 8576K, reserved 1048576K
}
Event: 7330.915 GC heap before
{Heap before GC invocations=581 (full 557):
 garbage-first heap   total 129024K, used 39070K [0x00000000c0000000, 0x0000000100000000)
  region size 1024K, 1 young (1024K), 0 survivors (0K)
 Metaspace       used 63533K, committed 64000K, reserved 1114112K
  class space    used 8363K, committed 8576K, reserved 1048576K
}
Event: 7330.942 GC heap after
{Heap after GC invocations=582 (full 558):
 garbage-first heap   total 129024K, used 39070K [0x00000000c0000000, 0x0000000100000000)
  region size 1024K, 0 young (0K), 0 survivors (0K)
 Metaspace       used 63533K, committed 64000K, reserved 1114112K
  class space    used 8363K, committed 8576K, reserved 1048576K
}
Event: 7341.037 GC heap before
{Heap before GC invocations=582 (full 558):
 garbage-first heap   total 129024K, used 39070K [0x00000000c0000000, 0x0000000100000000)
  region size 1024K, 1 young (1024K), 0 survivors (0K)
 Metaspace       used 63533K, committed 64000K, reserved 1114112K
  class space    used 8363K, committed 8576K, reserved 1048576K
}
Event: 7341.064 GC heap after
{Heap after GC invocations=583 (full 559):
 garbage-first heap   total 129024K, used 39070K [0x00000000c0000000, 0x0000000100000000)
  region size 1024K, 0 young (0K), 0 survivors (0K)
 Metaspace       used 63533K, committed 64000K, reserved 1114112K
  class space    used 8363K, committed 8576K, reserved 1048576K
}
Event: 7351.176 GC heap before
{Heap before GC invocations=583 (full 559):
 garbage-first heap   total 129024K, used 39070K [0x00000000c0000000, 0x0000000100000000)
  region size 1024K, 1 young (1024K), 0 survivors (0K)
 Metaspace       used 63533K, committed 64000K, reserved 1114112K
  class space    used 8363K, committed 8576K, reserved 1048576K
}
Event: 7351.203 GC heap after
{Heap after GC invocations=584 (full 560):
 garbage-first heap   total 129024K, used 39070K [0x00000000c0000000, 0x0000000100000000)
  region size 1024K, 0 young (0K), 0 survivors (0K)
 Metaspace       used 63533K, committed 64000K, reserved 1114112K
  class space    used 8363K, committed 8576K, reserved 1048576K
}
Event: 7361.320 GC heap before
{Heap before GC invocations=584 (full 560):
 garbage-first heap   total 129024K, used 39070K [0x00000000c0000000, 0x0000000100000000)
  region size 1024K, 1 young (1024K), 0 survivors (0K)
 Metaspace       used 63533K, committed 64000K, reserved 1114112K
  class space    used 8363K, committed 8576K, reserved 1048576K
}
Event: 7361.352 GC heap after
{Heap after GC invocations=585 (full 561):
 garbage-first heap   total 129024K, used 39070K [0x00000000c0000000, 0x0000000100000000)
  region size 1024K, 0 young (0K), 0 survivors (0K)
 Metaspace       used 63533K, committed 64000K, reserved 1114112K
  class space    used 8363K, committed 8576K, reserved 1048576K
}
Event: 7371.446 GC heap before
{Heap before GC invocations=585 (full 561):
 garbage-first heap   total 129024K, used 39070K [0x00000000c0000000, 0x0000000100000000)
  region size 1024K, 1 young (1024K), 0 survivors (0K)
 Metaspace       used 63533K, committed 64000K, reserved 1114112K
  class space    used 8363K, committed 8576K, reserved 1048576K
}
Event: 7371.474 GC heap after
{Heap after GC invocations=586 (full 562):
 garbage-first heap   total 129024K, used 39070K [0x00000000c0000000, 0x0000000100000000)
  region size 1024K, 0 young (0K), 0 survivors (0K)
 Metaspace       used 63533K, committed 64000K, reserved 1114112K
  class space    used 8363K, committed 8576K, reserved 1048576K
}
Event: 7381.572 GC heap before
{Heap before GC invocations=586 (full 562):
 garbage-first heap   total 129024K, used 39070K [0x00000000c0000000, 0x0000000100000000)
  region size 1024K, 1 young (1024K), 0 survivors (0K)
 Metaspace       used 63533K, committed 64000K, reserved 1114112K
  class space    used 8363K, committed 8576K, reserved 1048576K
}
Event: 7381.600 GC heap after
{Heap after GC invocations=587 (full 563):
 garbage-first heap   total 129024K, used 39070K [0x00000000c0000000, 0x0000000100000000)
  region size 1024K, 0 young (0K), 0 survivors (0K)
 Metaspace       used 63533K, committed 64000K, reserved 1114112K
  class space    used 8363K, committed 8576K, reserved 1048576K
}
Event: 7391.748 GC heap before
{Heap before GC invocations=587 (full 563):
 garbage-first heap   total 129024K, used 39070K [0x00000000c0000000, 0x0000000100000000)
  region size 1024K, 1 young (1024K), 0 survivors (0K)
 Metaspace       used 63533K, committed 64000K, reserved 1114112K
  class space    used 8363K, committed 8576K, reserved 1048576K
}
Event: 7391.776 GC heap after
{Heap after GC invocations=588 (full 564):
 garbage-first heap   total 129024K, used 39070K [0x00000000c0000000, 0x0000000100000000)
  region size 1024K, 0 young (0K), 0 survivors (0K)
 Metaspace       used 63533K, committed 64000K, reserved 1114112K
  class space    used 8363K, committed 8576K, reserved 1048576K
}

